<?xml version="1.0" encoding="UTF-8"?>
<TestRun id="c3bd54f2-fca8-4fa0-8073-960d2c1f633c" name="PLOCKE@25GJB51-2 2011-02-14 16:48:05" runUser="MSDOMAIN1\PLOCKE" xmlns="http://microsoft.com/schemas/VisualStudio/TeamTest/2010">
  <TestSettings name="Local" id="7da21b6f-91c3-4ed9-8b52-48f3b9745ad0">
    <Description>These are default test settings for a local test run.</Description>
    <Deployment userDeploymentRoot="C:\Documents and Settings\plocke\My Documents\My Dropbox\Projects\Minotaur\TestResults" useDefaultDeploymentRoot="false" enabled="false" runDeploymentRoot="PLOCKE_25GJB51-2 2011-02-14 16_48_05">
      <DeploymentItem filename="C:\Documents and Settings\plocke\My Documents\My Dropbox\Projects\Minotaur\Minotaur\bin\Debug\Minotaur.exe" />
    </Deployment>
    <Execution>
      <TestTypeSpecific />
      <AgentRule name="Execution Agents">
      </AgentRule>
    </Execution>
  </TestSettings>
  <Times creation="2011-02-14T16:48:05.5673254-06:00" queuing="2011-02-14T16:48:10.0830660-06:00" start="2011-02-14T16:48:11.1924694-06:00" finish="2011-02-14T16:49:48.6793400-06:00" />
  <ResultSummary outcome="Completed">
    <Counters total="1" executed="1" passed="1" error="0" failed="0" timeout="0" aborted="0" inconclusive="0" passedButRunAborted="0" notRunnable="0" notExecuted="0" disconnected="0" warning="0" completed="0" inProgress="0" pending="0" />
  </ResultSummary>
  <TestDefinitions>
    <UnitTest name="Solve" storage="c:\documents and settings\plocke\my documents\my dropbox\projects\minotaur\testproject1\bin\debug\tests.dll" id="74fe8997-ce75-4f89-e84f-724db1bc4523">
      <Execution id="a57378fb-e20c-4bd0-8be5-6fdeeded9c7e" />
      <TestMethod codeBase="C:\Documents and Settings\plocke\My Documents\My Dropbox\Projects\Minotaur\TestProject1\bin\Debug\Tests.dll" adapterTypeName="Microsoft.VisualStudio.TestTools.TestTypes.Unit.UnitTestAdapter, Microsoft.VisualStudio.QualityTools.Tips.UnitTest.Adapter, Version=10.0.0.0, Culture=neutral, PublicKeyToken=b03f5f7f11d50a3a" className="Tests.PathFinderTests, Tests" name="Solve" />
    </UnitTest>
  </TestDefinitions>
  <TestLists>
    <TestList name="Results Not in a List" id="8c84fa94-04c1-424b-9868-57a2d4851a1d" />
    <TestList name="All Loaded Results" id="19431567-8539-422a-85d7-44ee4e166bda" />
  </TestLists>
  <TestEntries>
    <TestEntry testId="74fe8997-ce75-4f89-e84f-724db1bc4523" executionId="a57378fb-e20c-4bd0-8be5-6fdeeded9c7e" testListId="8c84fa94-04c1-424b-9868-57a2d4851a1d" />
  </TestEntries>
  <Results>
    <UnitTestResult executionId="a57378fb-e20c-4bd0-8be5-6fdeeded9c7e" testId="74fe8997-ce75-4f89-e84f-724db1bc4523" testName="Solve" computerName="25GJB51-2" duration="00:01:34.3195483" startTime="2011-02-14T16:48:11.6768568-06:00" endTime="2011-02-14T16:49:48.2574542-06:00" testType="13cdc9d9-ddb5-4fa4-a97d-d965ccfc6d4b" outcome="Passed" testListId="8c84fa94-04c1-424b-9868-57a2d4851a1d" relativeResultsDirectory="a57378fb-e20c-4bd0-8be5-6fdeeded9c7e">
      <Output>
        <DebugTrace>**********
*s*f     *
* ***** **
*     * **
* *** *  *
* * ***  *
* * *    *
*     * **
**********
</DebugTrace>
      </Output>
    </UnitTestResult>
  </Results>
</TestRun>