<?xml version="1.0" encoding="UTF-8"?>
<TestRun id="ff4cbc2d-2235-4231-ba13-6eace0120a9c" name="PLOCKE@25GJB51-2 2011-02-14 15:16:28" runUser="MSDOMAIN1\PLOCKE" xmlns="http://microsoft.com/schemas/VisualStudio/TeamTest/2010">
  <TestSettings name="Local" id="7da21b6f-91c3-4ed9-8b52-48f3b9745ad0">
    <Description>These are default test settings for a local test run.</Description>
    <Deployment userDeploymentRoot="C:\Documents and Settings\plocke\My Documents\My Dropbox\Projects\Minotaur\TestResults" useDefaultDeploymentRoot="false" enabled="false" runDeploymentRoot="PLOCKE_25GJB51-2 2011-02-14 15_16_28">
      <DeploymentItem filename="C:\Documents and Settings\plocke\My Documents\My Dropbox\Projects\Minotaur\Minotaur\bin\Debug\Minotaur.exe" />
    </Deployment>
    <Execution>
      <TestTypeSpecific />
      <AgentRule name="Execution Agents">
      </AgentRule>
    </Execution>
  </TestSettings>
  <Times creation="2011-02-14T15:16:28.3340233-06:00" queuing="2011-02-14T15:16:34.1151623-06:00" start="2011-02-14T15:16:35.0995184-06:00" finish="2011-02-14T15:30:44.9641540-06:00" />
  <ResultSummary outcome="Completed">
    <Counters total="1" executed="1" passed="1" error="0" failed="0" timeout="0" aborted="0" inconclusive="0" passedButRunAborted="0" notRunnable="0" notExecuted="0" disconnected="0" warning="0" completed="0" inProgress="0" pending="0" />
  </ResultSummary>
  <TestDefinitions>
    <UnitTest name="TestMethod1" storage="c:\documents and settings\plocke\my documents\my dropbox\projects\minotaur\testproject1\bin\debug\tests.dll" id="fc8ac335-9674-1f6f-e044-cb89fdd7f946">
      <Execution id="ac11c56c-5dac-4f87-a8ca-9bfa76c95497" />
      <TestMethod codeBase="C:\Documents and Settings\plocke\My Documents\My Dropbox\Projects\Minotaur\TestProject1\bin\Debug\Tests.dll" adapterTypeName="Microsoft.VisualStudio.TestTools.TestTypes.Unit.UnitTestAdapter, Microsoft.VisualStudio.QualityTools.Tips.UnitTest.Adapter, Version=10.0.0.0, Culture=neutral, PublicKeyToken=b03f5f7f11d50a3a" className="Tests.PathFinderTests, Tests" name="TestMethod1" />
    </UnitTest>
  </TestDefinitions>
  <TestLists>
    <TestList name="Results Not in a List" id="8c84fa94-04c1-424b-9868-57a2d4851a1d" />
    <TestList name="All Loaded Results" id="19431567-8539-422a-85d7-44ee4e166bda" />
  </TestLists>
  <TestEntries>
    <TestEntry testId="fc8ac335-9674-1f6f-e044-cb89fdd7f946" executionId="ac11c56c-5dac-4f87-a8ca-9bfa76c95497" testListId="8c84fa94-04c1-424b-9868-57a2d4851a1d" />
  </TestEntries>
  <Results>
    <UnitTestResult executionId="ac11c56c-5dac-4f87-a8ca-9bfa76c95497" testId="fc8ac335-9674-1f6f-e044-cb89fdd7f946" testName="TestMethod1" computerName="25GJB51-2" duration="00:14:03.1342081" startTime="2011-02-14T15:16:35.8026299-06:00" endTime="2011-02-14T15:30:44.0735062-06:00" testType="13cdc9d9-ddb5-4fa4-a97d-d965ccfc6d4b" outcome="Passed" testListId="8c84fa94-04c1-424b-9868-57a2d4851a1d" relativeResultsDirectory="ac11c56c-5dac-4f87-a8ca-9bfa76c95497">
      <Output>
        <DebugTrace>**********
*s*f     *
* ***** **
*     * **
* * * *  *
* * **** *
* * *    *
* *   * **
**********
</DebugTrace>
      </Output>
    </UnitTestResult>
  </Results>
</TestRun>