<?xml version="1.0" encoding="UTF-8"?>
<TestRun id="ad6656f9-0939-43cf-a603-baca2f5181b7" name="PLOCKE@25GJB51-2 2011-02-14 13:41:10" runUser="MSDOMAIN1\PLOCKE" xmlns="http://microsoft.com/schemas/VisualStudio/TeamTest/2010">
  <TestSettings name="Local" id="7da21b6f-91c3-4ed9-8b52-48f3b9745ad0">
    <Description>These are default test settings for a local test run.</Description>
    <Deployment userDeploymentRoot="C:\Documents and Settings\plocke\My Documents\My Dropbox\Projects\Minotaur\TestResults" useDefaultDeploymentRoot="false" enabled="false" runDeploymentRoot="PLOCKE_25GJB51-2 2011-02-14 13_41_10">
      <DeploymentItem filename="C:\Documents and Settings\plocke\My Documents\My Dropbox\Projects\Minotaur\Minotaur\bin\Debug\Minotaur.exe" />
    </Deployment>
    <Execution>
      <TestTypeSpecific />
      <AgentRule name="Execution Agents">
      </AgentRule>
    </Execution>
  </TestSettings>
  <Times creation="2011-02-14T13:41:10.6201236-06:00" queuing="2011-02-14T13:41:14.9014832-06:00" start="2011-02-14T13:41:15.9327596-06:00" finish="2011-02-14T13:41:32.3081788-06:00" />
  <ResultSummary outcome="Failed">
    <Counters total="1" executed="1" error="0" failed="1" timeout="0" aborted="0" inconclusive="0" passedButRunAborted="0" notRunnable="0" notExecuted="0" disconnected="0" warning="0" passed="0" completed="0" inProgress="0" pending="0" />
  </ResultSummary>
  <TestDefinitions>
    <UnitTest name="TestMethod1" storage="c:\documents and settings\plocke\my documents\my dropbox\projects\minotaur\testproject1\bin\debug\testproject1.dll" id="8754e09c-ec10-7ceb-d615-df09cf2fdc0f">
      <Execution id="34cb5a25-2f28-484e-96d0-76e451d0a570" />
      <TestMethod codeBase="C:\Documents and Settings\plocke\My Documents\My Dropbox\Projects\Minotaur\TestProject1\bin\Debug\TestProject1.dll" adapterTypeName="Microsoft.VisualStudio.TestTools.TestTypes.Unit.UnitTestAdapter, Microsoft.VisualStudio.QualityTools.Tips.UnitTest.Adapter, Version=10.0.0.0, Culture=neutral, PublicKeyToken=b03f5f7f11d50a3a" className="Tests.MazeTests, TestProject1" name="TestMethod1" />
    </UnitTest>
  </TestDefinitions>
  <TestLists>
    <TestList name="Results Not in a List" id="8c84fa94-04c1-424b-9868-57a2d4851a1d" />
    <TestList name="All Loaded Results" id="19431567-8539-422a-85d7-44ee4e166bda" />
  </TestLists>
  <TestEntries>
    <TestEntry testId="8754e09c-ec10-7ceb-d615-df09cf2fdc0f" executionId="34cb5a25-2f28-484e-96d0-76e451d0a570" testListId="8c84fa94-04c1-424b-9868-57a2d4851a1d" />
  </TestEntries>
  <Results>
    <UnitTestResult executionId="34cb5a25-2f28-484e-96d0-76e451d0a570" testId="8754e09c-ec10-7ceb-d615-df09cf2fdc0f" testName="TestMethod1" computerName="25GJB51-2" duration="00:00:12.2346356" startTime="2011-02-14T13:41:16.4171470-06:00" endTime="2011-02-14T13:41:31.8237914-06:00" testType="13cdc9d9-ddb5-4fa4-a97d-d965ccfc6d4b" outcome="Failed" testListId="8c84fa94-04c1-424b-9868-57a2d4851a1d" relativeResultsDirectory="34cb5a25-2f28-484e-96d0-76e451d0a570">
      <Output>
        <Exception>Exception has been thrown by the target of an invocation.</Exception>
        <ErrorInfo>
          <Message>Unable to create instance of class Tests.MazeTests. Error: System.IO.DirectoryNotFoundException: Could not find a part of the path 'C:\Documents and Settings\plocke\My Documents\My Dropbox\Projects\Minotaur\TestProject1\Tests\testMaze.maz'..</Message>
          <StackTrace>    at System.IO.__Error.WinIOError(Int32 errorCode, String maybeFullPath)
   at System.IO.FileStream.Init(String path, FileMode mode, FileAccess access, Int32 rights, Boolean useRights, FileShare share, Int32 bufferSize, FileOptions options, SECURITY_ATTRIBUTES secAttrs, String msgPath, Boolean bFromProxy, Boolean useLongPath)
   at System.IO.FileStream..ctor(String path, FileMode mode, FileAccess access, FileShare share, Int32 bufferSize, FileOptions options)
   at System.IO.StreamReader..ctor(String path, Encoding encoding, Boolean detectEncodingFromByteOrderMarks, Int32 bufferSize)
   at System.IO.StreamReader..ctor(String path)
   at Minotaur.Maze..ctor(String mazeFilePath) in C:\Documents and Settings\plocke\My Documents\My Dropbox\Projects\Minotaur\Minotaur\Maze.cs:line 23
   at Tests.MazeTests..ctor() in C:\Documents and Settings\plocke\My Documents\My Dropbox\Projects\Minotaur\TestProject1\MazeTests.cs:line 20
</StackTrace>
        </ErrorInfo>
      </Output>
    </UnitTestResult>
  </Results>
</TestRun>