<?xml version="1.0" encoding="UTF-8"?>
<TestRun id="216d6b96-c6a3-4626-aacb-146580bf5773" name="PLOCKE@25GJB51-2 2011-02-14 13:43:34" runUser="MSDOMAIN1\PLOCKE" xmlns="http://microsoft.com/schemas/VisualStudio/TeamTest/2010">
  <TestSettings name="Local" id="7da21b6f-91c3-4ed9-8b52-48f3b9745ad0">
    <Description>These are default test settings for a local test run.</Description>
    <Deployment userDeploymentRoot="C:\Documents and Settings\plocke\My Documents\My Dropbox\Projects\Minotaur\TestResults" useDefaultDeploymentRoot="false" enabled="false" runDeploymentRoot="PLOCKE_25GJB51-2 2011-02-14 13_43_34">
      <DeploymentItem filename="C:\Documents and Settings\plocke\My Documents\My Dropbox\Projects\Minotaur\Minotaur\bin\Debug\Minotaur.exe" />
    </Deployment>
    <Execution>
      <TestTypeSpecific />
      <AgentRule name="Execution Agents">
      </AgentRule>
    </Execution>
  </TestSettings>
  <Times creation="2011-02-14T13:43:34.0612956-06:00" queuing="2011-02-14T13:43:38.9207950-06:00" start="2011-02-14T13:43:39.8426936-06:00" finish="2011-02-14T13:44:09.3434488-06:00" />
  <ResultSummary outcome="Failed">
    <Counters total="1" executed="1" error="0" failed="1" timeout="0" aborted="0" inconclusive="0" passedButRunAborted="0" notRunnable="0" notExecuted="0" disconnected="0" warning="0" passed="0" completed="0" inProgress="0" pending="0" />
  </ResultSummary>
  <TestDefinitions>
    <UnitTest name="TestMethod1" storage="c:\documents and settings\plocke\my documents\my dropbox\projects\minotaur\testproject1\bin\debug\tests.dll" id="8754e09c-ec10-7ceb-d615-df09cf2fdc0f">
      <Execution id="6762d751-cad7-4f0e-a243-6fd04303e0b6" />
      <TestMethod codeBase="C:\Documents and Settings\plocke\My Documents\My Dropbox\Projects\Minotaur\TestProject1\bin\Debug\Tests.dll" adapterTypeName="Microsoft.VisualStudio.TestTools.TestTypes.Unit.UnitTestAdapter, Microsoft.VisualStudio.QualityTools.Tips.UnitTest.Adapter, Version=10.0.0.0, Culture=neutral, PublicKeyToken=b03f5f7f11d50a3a" className="Tests.MazeTests, Tests" name="TestMethod1" />
    </UnitTest>
  </TestDefinitions>
  <TestLists>
    <TestList name="Results Not in a List" id="8c84fa94-04c1-424b-9868-57a2d4851a1d" />
    <TestList name="All Loaded Results" id="19431567-8539-422a-85d7-44ee4e166bda" />
  </TestLists>
  <TestEntries>
    <TestEntry testId="8754e09c-ec10-7ceb-d615-df09cf2fdc0f" executionId="6762d751-cad7-4f0e-a243-6fd04303e0b6" testListId="8c84fa94-04c1-424b-9868-57a2d4851a1d" />
  </TestEntries>
  <Results>
    <UnitTestResult executionId="6762d751-cad7-4f0e-a243-6fd04303e0b6" testId="8754e09c-ec10-7ceb-d615-df09cf2fdc0f" testName="TestMethod1" computerName="25GJB51-2" duration="00:00:25.8785807" startTime="2011-02-14T13:43:40.2802048-06:00" endTime="2011-02-14T13:44:08.6246804-06:00" testType="13cdc9d9-ddb5-4fa4-a97d-d965ccfc6d4b" outcome="Failed" testListId="8c84fa94-04c1-424b-9868-57a2d4851a1d" relativeResultsDirectory="6762d751-cad7-4f0e-a243-6fd04303e0b6">
      <Output>
        <Exception>Exception has been thrown by the target of an invocation.</Exception>
        <ErrorInfo>
          <Message>Unable to create instance of class Tests.MazeTests. Error: System.NullReferenceException: Object reference not set to an instance of an object..</Message>
          <StackTrace>    at Minotaur.Maze..ctor(String mazeFilePath) in C:\Documents and Settings\plocke\My Documents\My Dropbox\Projects\Minotaur\Minotaur\Maze.cs:line 35
   at Tests.MazeTests..ctor() in C:\Documents and Settings\plocke\My Documents\My Dropbox\Projects\Minotaur\TestProject1\MazeTests.cs:line 20
</StackTrace>
        </ErrorInfo>
      </Output>
    </UnitTestResult>
  </Results>
</TestRun>