<?xml version="1.0" encoding="UTF-8"?>
<TestRun id="ffdcf083-3a75-4601-8a5e-93d82d79d26d" name="PLOCKE@25GJB51-2 2011-02-14 15:10:46" runUser="MSDOMAIN1\PLOCKE" xmlns="http://microsoft.com/schemas/VisualStudio/TeamTest/2010">
  <TestSettings name="Local" id="7da21b6f-91c3-4ed9-8b52-48f3b9745ad0">
    <Description>These are default test settings for a local test run.</Description>
    <Deployment enabled="false" runDeploymentRoot="PLOCKE_25GJB51-2 2011-02-14 15_10_46">
      <DeploymentItem filename="C:\Documents and Settings\plocke\My Documents\My Dropbox\Projects\Minotaur\Minotaur\bin\Debug\Minotaur.exe" />
    </Deployment>
    <Execution>
      <TestTypeSpecific />
      <AgentRule name="Execution Agents">
      </AgentRule>
    </Execution>
  </TestSettings>
  <Times creation="2011-02-14T15:10:46.9687642-06:00" queuing="2011-02-14T15:10:49.5935122-06:00" start="2011-02-14T15:10:50.1403347-06:00" finish="2011-02-14T15:10:52.7494592-06:00" />
  <ResultSummary outcome="Completed">
    <Counters total="1" executed="1" passed="1" error="0" failed="0" timeout="0" aborted="0" inconclusive="0" passedButRunAborted="0" notRunnable="0" notExecuted="0" disconnected="0" warning="0" completed="0" inProgress="0" pending="0" />
  </ResultSummary>
  <TestDefinitions>
    <UnitTest name="Create_Maze_From_File" storage="c:\documents and settings\plocke\my documents\my dropbox\projects\minotaur\testproject1\bin\debug\tests.dll" id="8c1d3591-219d-b0f6-18f0-6c7947a55b6e">
      <Execution id="1786da91-db81-4f11-be7f-a7487a9c2092" />
      <TestMethod codeBase="C:\Documents and Settings\plocke\My Documents\My Dropbox\Projects\Minotaur\TestProject1\bin\Debug\Tests.dll" adapterTypeName="Microsoft.VisualStudio.TestTools.TestTypes.Unit.UnitTestAdapter, Microsoft.VisualStudio.QualityTools.Tips.UnitTest.Adapter, Version=10.0.0.0, Culture=neutral, PublicKeyToken=b03f5f7f11d50a3a" className="Tests.MazeTests, Tests" name="Create_Maze_From_File" />
    </UnitTest>
  </TestDefinitions>
  <TestLists>
    <TestList name="Results Not in a List" id="8c84fa94-04c1-424b-9868-57a2d4851a1d" />
    <TestList name="All Loaded Results" id="19431567-8539-422a-85d7-44ee4e166bda" />
  </TestLists>
  <TestEntries>
    <TestEntry testId="8c1d3591-219d-b0f6-18f0-6c7947a55b6e" executionId="1786da91-db81-4f11-be7f-a7487a9c2092" testListId="8c84fa94-04c1-424b-9868-57a2d4851a1d" />
  </TestEntries>
  <Results>
    <UnitTestResult executionId="1786da91-db81-4f11-be7f-a7487a9c2092" testId="8c1d3591-219d-b0f6-18f0-6c7947a55b6e" testName="Create_Maze_From_File" computerName="25GJB51-2" duration="00:00:00.0568499" startTime="2011-02-14T15:10:51.1402387-06:00" endTime="2011-02-14T15:10:52.4213657-06:00" testType="13cdc9d9-ddb5-4fa4-a97d-d965ccfc6d4b" outcome="Passed" testListId="8c84fa94-04c1-424b-9868-57a2d4851a1d" relativeResultsDirectory="1786da91-db81-4f11-be7f-a7487a9c2092">
    </UnitTestResult>
  </Results>
</TestRun>